[debug] [2022-06-22T00:27:57.059Z] ----------------------------------------------------------------------
[debug] [2022-06-22T00:27:57.061Z] Command:       C:\Program Files\nodejs\node.exe C:\Users\dougl\AppData\Roaming\npm\node_modules\firebase-tools\lib\bin\firebase.js deploy --project=test-fire-react-base
[debug] [2022-06-22T00:27:57.061Z] CLI Version:   11.1.0
[debug] [2022-06-22T00:27:57.061Z] Platform:      win32
[debug] [2022-06-22T00:27:57.061Z] Node Version:  v16.14.1
[debug] [2022-06-22T00:27:57.062Z] Time:          Tue Jun 21 2022 17:27:57 GMT-0700 (Pacific Daylight Time)
[debug] [2022-06-22T00:27:57.062Z] ----------------------------------------------------------------------
[debug] 
[debug] [2022-06-22T00:27:57.108Z] > command requires scopes: ["email","openid","https://www.googleapis.com/auth/cloudplatformprojects.readonly","https://www.googleapis.com/auth/firebase","https://www.googleapis.com/auth/cloud-platform"]
[debug] [2022-06-22T00:27:57.108Z] > authorizing via signed-in user (doug@minute.tech)
[debug] [2022-06-22T00:27:57.108Z] [iam] checking project test-fire-react-base for permissions ["cloudfunctions.functions.create","cloudfunctions.functions.delete","cloudfunctions.functions.get","cloudfunctions.functions.list","cloudfunctions.functions.update","cloudfunctions.operations.get","datastore.indexes.create","datastore.indexes.delete","datastore.indexes.list","datastore.indexes.update","firebase.projects.get","firebasehosting.sites.update","firebaserules.releases.create","firebaserules.releases.update","firebaserules.rulesets.create"]
[debug] [2022-06-22T00:27:57.110Z] >>> [apiv2][query] POST https://cloudresourcemanager.googleapis.com/v1/projects/test-fire-react-base:testIamPermissions [none]
[debug] [2022-06-22T00:27:57.110Z] >>> [apiv2][body] POST https://cloudresourcemanager.googleapis.com/v1/projects/test-fire-react-base:testIamPermissions {"permissions":["cloudfunctions.functions.create","cloudfunctions.functions.delete","cloudfunctions.functions.get","cloudfunctions.functions.list","cloudfunctions.functions.update","cloudfunctions.operations.get","datastore.indexes.create","datastore.indexes.delete","datastore.indexes.list","datastore.indexes.update","firebase.projects.get","firebasehosting.sites.update","firebaserules.releases.create","firebaserules.releases.update","firebaserules.rulesets.create"]}
[debug] [2022-06-22T00:27:57.252Z] <<< [apiv2][status] POST https://cloudresourcemanager.googleapis.com/v1/projects/test-fire-react-base:testIamPermissions 200
[debug] [2022-06-22T00:27:57.252Z] <<< [apiv2][body] POST https://cloudresourcemanager.googleapis.com/v1/projects/test-fire-react-base:testIamPermissions {"permissions":["cloudfunctions.functions.create","cloudfunctions.functions.delete","cloudfunctions.functions.get","cloudfunctions.functions.list","cloudfunctions.functions.update","cloudfunctions.operations.get","datastore.indexes.create","datastore.indexes.delete","datastore.indexes.list","datastore.indexes.update","firebase.projects.get","firebasehosting.sites.update","firebaserules.releases.create","firebaserules.releases.update","firebaserules.rulesets.create"]}
[debug] [2022-06-22T00:27:57.253Z] >>> [apiv2][query] POST https://iam.googleapis.com/v1/projects/test-fire-react-base/serviceAccounts/test-fire-react-base@appspot.gserviceaccount.com:testIamPermissions [none]
[debug] [2022-06-22T00:27:57.253Z] >>> [apiv2][body] POST https://iam.googleapis.com/v1/projects/test-fire-react-base/serviceAccounts/test-fire-react-base@appspot.gserviceaccount.com:testIamPermissions {"permissions":["iam.serviceAccounts.actAs"]}
[debug] [2022-06-22T00:27:57.432Z] <<< [apiv2][status] POST https://iam.googleapis.com/v1/projects/test-fire-react-base/serviceAccounts/test-fire-react-base@appspot.gserviceaccount.com:testIamPermissions 200
[debug] [2022-06-22T00:27:57.432Z] <<< [apiv2][body] POST https://iam.googleapis.com/v1/projects/test-fire-react-base/serviceAccounts/test-fire-react-base@appspot.gserviceaccount.com:testIamPermissions {"permissions":["iam.serviceAccounts.actAs"]}
[debug] [2022-06-22T00:27:57.433Z] >>> [apiv2][query] GET https://firebase.googleapis.com/v1beta1/projects/test-fire-react-base [none]
[debug] [2022-06-22T00:27:57.667Z] <<< [apiv2][status] GET https://firebase.googleapis.com/v1beta1/projects/test-fire-react-base 200
[debug] [2022-06-22T00:27:57.667Z] <<< [apiv2][body] GET https://firebase.googleapis.com/v1beta1/projects/test-fire-react-base {"projectId":"test-fire-react-base","projectNumber":"915470463064","displayName":"test-fire-react-base","name":"projects/test-fire-react-base","resources":{"hostingSite":"test-fire-react-base","storageBucket":"test-fire-react-base.appspot.com","locationId":"us-central"},"state":"ACTIVE"}
[info] 
[info] === Deploying to 'test-fire-react-base'...
[info] 
[info] i  deploying storage, firestore, functions, hosting 
[info] Running command: npm --prefix "$RESOURCE_DIR" run lint
[info] Running command: npm --prefix "$RESOURCE_DIR" run build
[info] +  functions: Finished running predeploy script. 
[debug] [2022-06-22T00:28:11.543Z] >>> [apiv2][query] GET https://appengine.googleapis.com/v1/apps/test-fire-react-base [none]
[debug] [2022-06-22T00:28:11.776Z] <<< [apiv2][status] GET https://appengine.googleapis.com/v1/apps/test-fire-react-base 200
[debug] [2022-06-22T00:28:11.776Z] <<< [apiv2][body] GET https://appengine.googleapis.com/v1/apps/test-fire-react-base {"name":"apps/test-fire-react-base","id":"test-fire-react-base","authDomain":"gmail.com","locationId":"us-central","codeBucket":"staging.test-fire-react-base.appspot.com","servingStatus":"SERVING","defaultHostname":"test-fire-react-base.uc.r.appspot.com","defaultBucket":"test-fire-react-base.appspot.com","serviceAccount":"test-fire-react-base@appspot.gserviceaccount.com","gcrDomain":"us.gcr.io","databaseType":"CLOUD_FIRESTORE","featureSettings":{"splitHealthChecks":true,"useContainerOptimizedOs":true}}
[info] i  firebase.storage: checking storage.rules for compilation errors... 
[debug] [2022-06-22T00:28:11.777Z] >>> [apiv2][query] POST https://firebaserules.googleapis.com/v1/projects/test-fire-react-base:test [none]
[debug] [2022-06-22T00:28:11.777Z] >>> [apiv2][body] POST https://firebaserules.googleapis.com/v1/projects/test-fire-react-base:test [omitted]
[debug] [2022-06-22T00:28:11.966Z] <<< [apiv2][status] POST https://firebaserules.googleapis.com/v1/projects/test-fire-react-base:test 200
[debug] [2022-06-22T00:28:11.966Z] <<< [apiv2][body] POST https://firebaserules.googleapis.com/v1/projects/test-fire-react-base:test {}
[info] +  firebase.storage: rules file storage.rules compiled successfully 
[info] i  firestore: reading indexes from firestore.indexes.json... 
[info] i  cloud.firestore: checking firestore.rules for compilation errors... 
[debug] [2022-06-22T00:28:11.969Z] >>> [apiv2][query] POST https://firebaserules.googleapis.com/v1/projects/test-fire-react-base:test [none]
[debug] [2022-06-22T00:28:11.969Z] >>> [apiv2][body] POST https://firebaserules.googleapis.com/v1/projects/test-fire-react-base:test [omitted]
[debug] [2022-06-22T00:28:12.220Z] <<< [apiv2][status] POST https://firebaserules.googleapis.com/v1/projects/test-fire-react-base:test 200
[debug] [2022-06-22T00:28:12.220Z] <<< [apiv2][body] POST https://firebaserules.googleapis.com/v1/projects/test-fire-react-base:test {}
[info] +  cloud.firestore: rules file firestore.rules compiled successfully 
[debug] [2022-06-22T00:28:12.221Z] >>> [apiv2][query] GET https://firebase.googleapis.com/v1beta1/projects/test-fire-react-base [none]
[debug] [2022-06-22T00:28:12.578Z] <<< [apiv2][status] GET https://firebase.googleapis.com/v1beta1/projects/test-fire-react-base 200
[debug] [2022-06-22T00:28:12.578Z] <<< [apiv2][body] GET https://firebase.googleapis.com/v1beta1/projects/test-fire-react-base {"projectId":"test-fire-react-base","projectNumber":"915470463064","displayName":"test-fire-react-base","name":"projects/test-fire-react-base","resources":{"hostingSite":"test-fire-react-base","storageBucket":"test-fire-react-base.appspot.com","locationId":"us-central"},"state":"ACTIVE"}
[info] i  functions: ensuring required API cloudfunctions.googleapis.com is enabled... 
[info] i  functions: ensuring required API cloudbuild.googleapis.com is enabled... 
[debug] [2022-06-22T00:28:12.579Z] >>> [apiv2][query] GET https://serviceusage.googleapis.com/v1/projects/test-fire-react-base/services/cloudfunctions.googleapis.com [none]
[debug] [2022-06-22T00:28:12.580Z] >>> [apiv2][query] GET https://serviceusage.googleapis.com/v1/projects/test-fire-react-base/services/runtimeconfig.googleapis.com [none]
[debug] [2022-06-22T00:28:12.580Z] >>> [apiv2][query] GET https://serviceusage.googleapis.com/v1/projects/test-fire-react-base/services/cloudbuild.googleapis.com [none]
[debug] [2022-06-22T00:28:12.581Z] >>> [apiv2][query] GET https://serviceusage.googleapis.com/v1/projects/test-fire-react-base/services/artifactregistry.googleapis.com [none]
[debug] [2022-06-22T00:28:13.008Z] <<< [apiv2][status] GET https://serviceusage.googleapis.com/v1/projects/test-fire-react-base/services/cloudfunctions.googleapis.com 200
[debug] [2022-06-22T00:28:13.008Z] <<< [apiv2][body] GET https://serviceusage.googleapis.com/v1/projects/test-fire-react-base/services/cloudfunctions.googleapis.com [omitted]
[info] +  functions: required API cloudfunctions.googleapis.com is enabled 
[debug] [2022-06-22T00:28:13.012Z] <<< [apiv2][status] GET https://serviceusage.googleapis.com/v1/projects/test-fire-react-base/services/artifactregistry.googleapis.com 200
[debug] [2022-06-22T00:28:13.012Z] <<< [apiv2][body] GET https://serviceusage.googleapis.com/v1/projects/test-fire-react-base/services/artifactregistry.googleapis.com [omitted]
[debug] [2022-06-22T00:28:13.022Z] <<< [apiv2][status] GET https://serviceusage.googleapis.com/v1/projects/test-fire-react-base/services/cloudbuild.googleapis.com 200
[debug] [2022-06-22T00:28:13.022Z] <<< [apiv2][body] GET https://serviceusage.googleapis.com/v1/projects/test-fire-react-base/services/cloudbuild.googleapis.com [omitted]
[info] +  functions: required API cloudbuild.googleapis.com is enabled 
[debug] [2022-06-22T00:28:13.025Z] <<< [apiv2][status] GET https://serviceusage.googleapis.com/v1/projects/test-fire-react-base/services/runtimeconfig.googleapis.com 200
[debug] [2022-06-22T00:28:13.025Z] <<< [apiv2][body] GET https://serviceusage.googleapis.com/v1/projects/test-fire-react-base/services/runtimeconfig.googleapis.com [omitted]
[debug] [2022-06-22T00:28:13.026Z] >>> [apiv2][query] GET https://firebase.googleapis.com/v1beta1/projects/test-fire-react-base/adminSdkConfig [none]
[debug] [2022-06-22T00:28:13.374Z] <<< [apiv2][status] GET https://firebase.googleapis.com/v1beta1/projects/test-fire-react-base/adminSdkConfig 200
[debug] [2022-06-22T00:28:13.374Z] <<< [apiv2][body] GET https://firebase.googleapis.com/v1beta1/projects/test-fire-react-base/adminSdkConfig {"projectId":"test-fire-react-base","storageBucket":"test-fire-react-base.appspot.com","locationId":"us-central"}
[debug] [2022-06-22T00:28:13.374Z] >>> [apiv2][query] GET https://runtimeconfig.googleapis.com/v1beta1/projects/test-fire-react-base/configs [none]
[debug] [2022-06-22T00:28:13.575Z] <<< [apiv2][status] GET https://runtimeconfig.googleapis.com/v1beta1/projects/test-fire-react-base/configs 200
[debug] [2022-06-22T00:28:13.575Z] <<< [apiv2][body] GET https://runtimeconfig.googleapis.com/v1beta1/projects/test-fire-react-base/configs {"configs":[{"name":"projects/test-fire-react-base/configs/sendgrid_api"}]}
[debug] [2022-06-22T00:28:13.577Z] >>> [apiv2][query] GET https://runtimeconfig.googleapis.com/v1beta1/projects/test-fire-react-base/configs/sendgrid_api/variables [none]
[debug] [2022-06-22T00:28:13.729Z] <<< [apiv2][status] GET https://runtimeconfig.googleapis.com/v1beta1/projects/test-fire-react-base/configs/sendgrid_api/variables 200
[debug] [2022-06-22T00:28:13.729Z] <<< [apiv2][body] GET https://runtimeconfig.googleapis.com/v1beta1/projects/test-fire-react-base/configs/sendgrid_api/variables {"variables":[{"name":"projects/test-fire-react-base/configs/sendgrid_api/variables/key","updateTime":"2022-03-27T07:06:53.203015363Z"}]}
[debug] [2022-06-22T00:28:13.731Z] >>> [apiv2][query] GET https://runtimeconfig.googleapis.com/v1beta1/projects/test-fire-react-base/configs/sendgrid_api/variables/key [none]
[debug] [2022-06-22T00:28:13.912Z] <<< [apiv2][status] GET https://runtimeconfig.googleapis.com/v1beta1/projects/test-fire-react-base/configs/sendgrid_api/variables/key 200
[debug] [2022-06-22T00:28:13.912Z] <<< [apiv2][body] GET https://runtimeconfig.googleapis.com/v1beta1/projects/test-fire-react-base/configs/sendgrid_api/variables/key {"name":"projects/test-fire-react-base/configs/sendgrid_api/variables/key","updateTime":"2022-03-27T07:06:53.203015363Z","text":"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"}
[info] i  functions: preparing codebase default for deployment 
[debug] [2022-06-22T00:28:13.914Z] Validating nodejs source
[debug] [2022-06-22T00:28:15.824Z] > [functions] package.json contents: {
  "name": "functions",
  "scripts": {
    "lint": "eslint --ext .js,.ts .",
    "build": "tsc",
    "serve": "npm run build && firebase emulators:start --only functions",
    "shell": "npm run build && firebase functions:shell",
    "start": "npm run shell",
    "deploy": "firebase deploy --only functions",
    "logs": "firebase functions:log"
  },
  "engines": {
    "node": "16"
  },
  "main": "lib/index.js",
  "dependencies": {
    "@sendgrid/mail": "^7.6.1",
    "firebase": "^9.6.8",
    "firebase-admin": "^10.0.2",
    "firebase-functions": "^3.21.2"
  },
  "devDependencies": {
    "@typescript-eslint/eslint-plugin": "^3.9.1",
    "@typescript-eslint/parser": "^3.8.0",
    "eslint": "^7.6.0",
    "eslint-config-google": "^0.14.0",
    "eslint-plugin-import": "^2.22.0",
    "firebase-functions-test": "^0.2.0",
    "typescript": "^4.6.2"
  },
  "private": true
}
[debug] [2022-06-22T00:28:15.824Z] Building nodejs source
[debug] [2022-06-22T00:28:15.825Z] Analyzing nodejs backend spec
[debug] [2022-06-22T00:28:15.825Z] Could not find functions.yaml. Must use http discovery
[debug] [2022-06-22T00:28:15.977Z] Serving at port 9005

[debug] [2022-06-22T00:28:16.077Z] Got response from /__/functions.yaml {"endpoints":{"onMessageCreated":{"platform":"gcfv1","eventTrigger":{"eventType":"providers/cloud.firestore/eventTypes/document.create","eventFilters":{"resource":"projects/test-fire-react-base/databases/(default)/documents/messages/{messageId}"},"retry":false},"labels":{},"entryPoint":"onMessageCreated"},"onUserCreated":{"platform":"gcfv1","eventTrigger":{"eventType":"providers/cloud.firestore/eventTypes/document.create","eventFilters":{"resource":"projects/test-fire-react-base/databases/(default)/documents/users/{userId}"},"retry":false},"labels":{},"entryPoint":"onUserCreated"},"onFeedbackCreated":{"platform":"gcfv1","eventTrigger":{"eventType":"providers/cloud.firestore/eventTypes/document.create","eventFilters":{"resource":"projects/test-fire-react-base/databases/(default)/documents/feedback/{feedbackId}"},"retry":false},"labels":{},"entryPoint":"onFeedbackCreated"},"onAdminCreated":{"platform":"gcfv1","eventTrigger":{"eventType":"providers/cloud.firestore/eventTypes/document.create","eventFilters":{"resource":"projects/test-fire-react-base/databases/(default)/documents/users/{userId}/newAdmins/{docId}"},"retry":false},"labels":{},"entryPoint":"onAdminCreated"}},"specVersion":"v1alpha1","requiredAPIs":[]}
[debug] [2022-06-22T00:28:16.082Z] shutdown requested via /__/quitquitquit

[info] i  functions: preparing functions directory for uploading... 
[info] i  functions: packaged C:\Users\dougl\Documents\GitHub\fire-react-base\functions (124.14 KB) for uploading 
[debug] [2022-06-22T00:28:16.130Z] >>> [apiv2][query] GET https://cloudfunctions.googleapis.com/v1/projects/test-fire-react-base/locations/-/functions [none]
[debug] [2022-06-22T00:28:16.584Z] <<< [apiv2][status] GET https://cloudfunctions.googleapis.com/v1/projects/test-fire-react-base/locations/-/functions 200
[debug] [2022-06-22T00:28:16.585Z] <<< [apiv2][body] GET https://cloudfunctions.googleapis.com/v1/projects/test-fire-react-base/locations/-/functions {"functions":[{"name":"projects/test-fire-react-base/locations/us-central1/functions/onAdminCreated","eventTrigger":{"eventType":"providers/cloud.firestore/eventTypes/document.create","resource":"projects/test-fire-react-base/databases/(default)/documents/users/{userId}/newAdmins/{docId}","service":"firestore.googleapis.com","failurePolicy":{}},"status":"ACTIVE","entryPoint":"onAdminCreated","timeout":"60s","availableMemoryMb":256,"serviceAccountEmail":"test-fire-react-base@appspot.gserviceaccount.com","updateTime":"2022-06-07T17:23:17.396Z","versionId":"23","labels":{"deployment-tool":"cli-firebase"},"sourceUploadUrl":"https://storage.googleapis.com/uploads-889011162045.us-central1.cloudfunctions.appspot.com/4e9d0dee-f68f-48bb-b8e2-28dce694e879.zip","environmentVariables":{"FIREBASE_CONFIG":"{\"projectId\":\"test-fire-react-base\",\"storageBucket\":\"test-fire-react-base.appspot.com\",\"locationId\":\"us-central\"}","GCLOUD_PROJECT":"test-fire-react-base"},"runtime":"nodejs16","ingressSettings":"ALLOW_ALL","buildId":"f3ee717c-e90e-4f01-b8b7-c8f64c37a51b","buildName":"projects/915470463064/locations/us-central1/builds/f3ee717c-e90e-4f01-b8b7-c8f64c37a51b","dockerRegistry":"CONTAINER_REGISTRY"},{"name":"projects/test-fire-react-base/locations/us-central1/functions/onFeedbackCreated","eventTrigger":{"eventType":"providers/cloud.firestore/eventTypes/document.create","resource":"projects/test-fire-react-base/databases/(default)/documents/feedback/{feedbackId}","service":"firestore.googleapis.com","failurePolicy":{}},"status":"ACTIVE","entryPoint":"onFeedbackCreated","timeout":"60s","availableMemoryMb":256,"serviceAccountEmail":"test-fire-react-base@appspot.gserviceaccount.com","updateTime":"2022-06-21T16:48:50.771Z","versionId":"7","labels":{"deployment-tool":"cli-firebase"},"sourceUploadUrl":"https://storage.googleapis.com/uploads-889011162045.us-central1.cloudfunctions.appspot.com/197676a7-1e10-43f6-a7b8-5b0b1d4caab1.zip","environmentVariables":{"FIREBASE_CONFIG":"{\"projectId\":\"test-fire-react-base\",\"storageBucket\":\"test-fire-react-base.appspot.com\",\"locationId\":\"us-central\"}","GCLOUD_PROJECT":"test-fire-react-base"},"runtime":"nodejs16","ingressSettings":"ALLOW_ALL","buildId":"f5633ae4-2627-40f5-95be-250568d07e8e","buildName":"projects/915470463064/locations/us-central1/builds/f5633ae4-2627-40f5-95be-250568d07e8e","dockerRegistry":"CONTAINER_REGISTRY"},{"name":"projects/test-fire-react-base/locations/us-central1/functions/onMessageCreated","eventTrigger":{"eventType":"providers/cloud.firestore/eventTypes/document.create","resource":"projects/test-fire-react-base/databases/(default)/documents/messages/{messageId}","service":"firestore.googleapis.com","failurePolicy":{}},"status":"ACTIVE","entryPoint":"onMessageCreated","timeout":"60s","availableMemoryMb":256,"serviceAccountEmail":"test-fire-react-base@appspot.gserviceaccount.com","updateTime":"2022-06-07T17:22:18.552Z","versionId":"26","labels":{"deployment-tool":"cli-firebase"},"sourceUploadUrl":"https://storage.googleapis.com/uploads-889011162045.us-central1.cloudfunctions.appspot.com/4e9d0dee-f68f-48bb-b8e2-28dce694e879.zip","environmentVariables":{"FIREBASE_CONFIG":"{\"projectId\":\"test-fire-react-base\",\"storageBucket\":\"test-fire-react-base.appspot.com\",\"locationId\":\"us-central\"}","GCLOUD_PROJECT":"test-fire-react-base"},"runtime":"nodejs16","ingressSettings":"ALLOW_ALL","buildId":"f3ee717c-e90e-4f01-b8b7-c8f64c37a51b","buildName":"projects/915470463064/locations/us-central1/builds/f3ee717c-e90e-4f01-b8b7-c8f64c37a51b","dockerRegistry":"CONTAINER_REGISTRY"},{"name":"projects/test-fire-react-base/locations/us-central1/functions/onUserCreated","eventTrigger":{"eventType":"providers/cloud.firestore/eventTypes/document.create","resource":"projects/test-fire-react-base/databases/(default)/documents/users/{userId}","service":"firestore.googleapis.com","failurePolicy":{}},"status":"ACTIVE","entryPoint":"onUserCreated","timeout":"60s","availableMemoryMb":256,"serviceAccountEmail":"test-fire-react-base@appspot.gserviceaccount.com","updateTime":"2022-06-07T17:24:10.777Z","versionId":"26","labels":{"deployment-tool":"cli-firebase"},"sourceUploadUrl":"https://storage.googleapis.com/uploads-889011162045.us-central1.cloudfunctions.appspot.com/4e9d0dee-f68f-48bb-b8e2-28dce694e879.zip","environmentVariables":{"FIREBASE_CONFIG":"{\"projectId\":\"test-fire-react-base\",\"storageBucket\":\"test-fire-react-base.appspot.com\",\"locationId\":\"us-central\"}","GCLOUD_PROJECT":"test-fire-react-base"},"runtime":"nodejs16","ingressSettings":"ALLOW_ALL","buildId":"f3ee717c-e90e-4f01-b8b7-c8f64c37a51b","buildName":"projects/915470463064/locations/us-central1/builds/f3ee717c-e90e-4f01-b8b7-c8f64c37a51b","dockerRegistry":"CONTAINER_REGISTRY"}]}
[debug] [2022-06-22T00:28:16.585Z] >>> [apiv2][query] GET https://cloudfunctions.googleapis.com/v2alpha/projects/test-fire-react-base/locations/-/functions [none]
[debug] [2022-06-22T00:28:17.289Z] <<< [apiv2][status] GET https://cloudfunctions.googleapis.com/v2alpha/projects/test-fire-react-base/locations/-/functions 200
[debug] [2022-06-22T00:28:17.289Z] <<< [apiv2][body] GET https://cloudfunctions.googleapis.com/v2alpha/projects/test-fire-react-base/locations/-/functions {}
[debug] [2022-06-22T00:28:17.293Z] >>> [apiv2][query] GET https://firebase.googleapis.com/v1beta1/projects/test-fire-react-base [none]
[debug] [2022-06-22T00:28:17.521Z] <<< [apiv2][status] GET https://firebase.googleapis.com/v1beta1/projects/test-fire-react-base 200
[debug] [2022-06-22T00:28:17.521Z] <<< [apiv2][body] GET https://firebase.googleapis.com/v1beta1/projects/test-fire-react-base {"projectId":"test-fire-react-base","projectNumber":"915470463064","displayName":"test-fire-react-base","name":"projects/test-fire-react-base","resources":{"hostingSite":"test-fire-react-base","storageBucket":"test-fire-react-base.appspot.com","locationId":"us-central"},"state":"ACTIVE"}
[debug] [2022-06-22T00:28:17.521Z] >>> [apiv2][query] GET https://firebase.googleapis.com/v1beta1/projects/test-fire-react-base [none]
[debug] [2022-06-22T00:28:17.716Z] <<< [apiv2][status] GET https://firebase.googleapis.com/v1beta1/projects/test-fire-react-base 200
[debug] [2022-06-22T00:28:17.717Z] <<< [apiv2][body] GET https://firebase.googleapis.com/v1beta1/projects/test-fire-react-base {"projectId":"test-fire-react-base","projectNumber":"915470463064","displayName":"test-fire-react-base","name":"projects/test-fire-react-base","resources":{"hostingSite":"test-fire-react-base","storageBucket":"test-fire-react-base.appspot.com","locationId":"us-central"},"state":"ACTIVE"}
[debug] [2022-06-22T00:28:17.717Z] >>> [apiv2][query] GET https://firebase.googleapis.com/v1beta1/projects/test-fire-react-base [none]
[debug] [2022-06-22T00:28:17.897Z] <<< [apiv2][status] GET https://firebase.googleapis.com/v1beta1/projects/test-fire-react-base 200
[debug] [2022-06-22T00:28:17.897Z] <<< [apiv2][body] GET https://firebase.googleapis.com/v1beta1/projects/test-fire-react-base {"projectId":"test-fire-react-base","projectNumber":"915470463064","displayName":"test-fire-react-base","name":"projects/test-fire-react-base","resources":{"hostingSite":"test-fire-react-base","storageBucket":"test-fire-react-base.appspot.com","locationId":"us-central"},"state":"ACTIVE"}
[debug] [2022-06-22T00:28:17.897Z] >>> [apiv2][query] GET https://firebase.googleapis.com/v1beta1/projects/test-fire-react-base [none]
[debug] [2022-06-22T00:28:18.255Z] <<< [apiv2][status] GET https://firebase.googleapis.com/v1beta1/projects/test-fire-react-base 200
[debug] [2022-06-22T00:28:18.255Z] <<< [apiv2][body] GET https://firebase.googleapis.com/v1beta1/projects/test-fire-react-base {"projectId":"test-fire-react-base","projectNumber":"915470463064","displayName":"test-fire-react-base","name":"projects/test-fire-react-base","resources":{"hostingSite":"test-fire-react-base","storageBucket":"test-fire-react-base.appspot.com","locationId":"us-central"},"state":"ACTIVE"}
[debug] [2022-06-22T00:28:18.257Z] >>> [apiv2][query] POST https://firebasehosting.googleapis.com/v1beta1/projects/915470463064/sites/test-fire-react-base/versions [none]
[debug] [2022-06-22T00:28:18.257Z] >>> [apiv2][body] POST https://firebasehosting.googleapis.com/v1beta1/projects/915470463064/sites/test-fire-react-base/versions {"config":{"rewrites":[{"glob":"**","path":"/index.html"}],"headers":[{"glob":"**/*","headers":{"X-Content-Type-Options":"nosniff","X-Frame-Options":"SAMEORIGIN","X-UA-Compatible":"ie=edge","X-XSS-Protection":"1; mode=block","Referrer-Policy":"strict-origin-when-cross-origin","Permissions-Policy":"accelerometer=(), autoplay=(self), camera=(), display-capture=(), fullscreen=(self), geolocation=(self), gyroscope=(), keyboard-map=(self), magnetometer=(), microphone=(), midi=(), payment=(), picture-in-picture=(self), usb=()"}}]},"labels":{"deployment-tool":"cli-firebase"}}
[debug] [2022-06-22T00:28:18.860Z] <<< [apiv2][status] POST https://firebasehosting.googleapis.com/v1beta1/projects/915470463064/sites/test-fire-react-base/versions 200
[debug] [2022-06-22T00:28:18.861Z] <<< [apiv2][body] POST https://firebasehosting.googleapis.com/v1beta1/projects/915470463064/sites/test-fire-react-base/versions {"name":"projects/915470463064/sites/test-fire-react-base/versions/504a24161847e5af","status":"CREATED","config":{"headers":[{"headers":{"X-Content-Type-Options":"nosniff","X-Frame-Options":"SAMEORIGIN","X-UA-Compatible":"ie=edge","X-XSS-Protection":"1; mode=block","Referrer-Policy":"strict-origin-when-cross-origin","Permissions-Policy":"accelerometer=(), autoplay=(self), camera=(), display-capture=(), fullscreen=(self), geolocation=(self), gyroscope=(), keyboard-map=(self), magnetometer=(), microphone=(), midi=(), payment=(), picture-in-picture=(self), usb=()"},"glob":"**/*"}],"rewrites":[{"glob":"**","path":"/index.html"}]},"labels":{"deployment-tool":"cli-firebase"}}
[debug] [2022-06-22T00:28:18.861Z] >>> [apiv2][query] GET https://firebaserules.googleapis.com/v1/projects/test-fire-react-base/releases pageSize=10&pageToken=
[debug] [2022-06-22T00:28:19.092Z] <<< [apiv2][status] GET https://firebaserules.googleapis.com/v1/projects/test-fire-react-base/releases 200
[debug] [2022-06-22T00:28:19.092Z] <<< [apiv2][body] GET https://firebaserules.googleapis.com/v1/projects/test-fire-react-base/releases {"releases":[{"name":"projects/test-fire-react-base/releases/cloud.firestore","rulesetName":"projects/test-fire-react-base/rulesets/47a15f83-61a3-4109-a03c-5cc40c8178f9","createTime":"2022-03-10T07:39:28.059531Z","updateTime":"2022-06-18T05:04:11.928584Z"},{"name":"projects/test-fire-react-base/releases/firebase.storage/test-fire-react-base.appspot.com","rulesetName":"projects/test-fire-react-base/rulesets/7f05ae52-439e-41de-882c-eb1e3e034a7a","createTime":"2022-03-10T07:38:44.828242Z","updateTime":"2022-06-07T17:16:48.914449Z"}]}
[debug] [2022-06-22T00:28:19.093Z] >>> [apiv2][query] GET https://firebaserules.googleapis.com/v1/projects/test-fire-react-base/rulesets/7f05ae52-439e-41de-882c-eb1e3e034a7a [none]
[debug] [2022-06-22T00:28:19.254Z] <<< [apiv2][status] GET https://firebaserules.googleapis.com/v1/projects/test-fire-react-base/rulesets/7f05ae52-439e-41de-882c-eb1e3e034a7a 200
[debug] [2022-06-22T00:28:19.254Z] <<< [apiv2][body] GET https://firebaserules.googleapis.com/v1/projects/test-fire-react-base/rulesets/7f05ae52-439e-41de-882c-eb1e3e034a7a [omitted]
[info] i  storage: latest version of storage.rules already up to date, skipping upload... 
[debug] [2022-06-22T00:28:19.261Z] >>> [apiv2][query] GET https://firebaserules.googleapis.com/v1/projects/test-fire-react-base/releases pageSize=10&pageToken=
[debug] [2022-06-22T00:28:19.265Z] >>> [apiv2][query] GET https://firestore.googleapis.com/v1/projects/test-fire-react-base/databases/(default)/collectionGroups/-/indexes [none]
[debug] [2022-06-22T00:28:19.476Z] <<< [apiv2][status] GET https://firebaserules.googleapis.com/v1/projects/test-fire-react-base/releases 200
[debug] [2022-06-22T00:28:19.477Z] <<< [apiv2][body] GET https://firebaserules.googleapis.com/v1/projects/test-fire-react-base/releases {"releases":[{"name":"projects/test-fire-react-base/releases/cloud.firestore","rulesetName":"projects/test-fire-react-base/rulesets/47a15f83-61a3-4109-a03c-5cc40c8178f9","createTime":"2022-03-10T07:39:28.059531Z","updateTime":"2022-06-18T05:04:11.928584Z"},{"name":"projects/test-fire-react-base/releases/firebase.storage/test-fire-react-base.appspot.com","rulesetName":"projects/test-fire-react-base/rulesets/7f05ae52-439e-41de-882c-eb1e3e034a7a","createTime":"2022-03-10T07:38:44.828242Z","updateTime":"2022-06-07T17:16:48.914449Z"}]}
[debug] [2022-06-22T00:28:19.477Z] >>> [apiv2][query] GET https://firebaserules.googleapis.com/v1/projects/test-fire-react-base/rulesets/47a15f83-61a3-4109-a03c-5cc40c8178f9 [none]
[debug] [2022-06-22T00:28:19.624Z] <<< [apiv2][status] GET https://firebaserules.googleapis.com/v1/projects/test-fire-react-base/rulesets/47a15f83-61a3-4109-a03c-5cc40c8178f9 200
[debug] [2022-06-22T00:28:19.624Z] <<< [apiv2][body] GET https://firebaserules.googleapis.com/v1/projects/test-fire-react-base/rulesets/47a15f83-61a3-4109-a03c-5cc40c8178f9 [omitted]
[info] i  firestore: latest version of firestore.rules already up to date, skipping upload... 
[debug] [2022-06-22T00:28:19.642Z] <<< [apiv2][status] GET https://firestore.googleapis.com/v1/projects/test-fire-react-base/databases/(default)/collectionGroups/-/indexes 200
[debug] [2022-06-22T00:28:19.642Z] <<< [apiv2][body] GET https://firestore.googleapis.com/v1/projects/test-fire-react-base/databases/(default)/collectionGroups/-/indexes {}
[debug] [2022-06-22T00:28:19.643Z] >>> [apiv2][query] GET https://firestore.googleapis.com/v1/projects/test-fire-react-base/databases/(default)/collectionGroups/-/fields?filter=indexConfig.usesAncestorConfig=false [none]
[debug] [2022-06-22T00:28:19.995Z] <<< [apiv2][status] GET https://firestore.googleapis.com/v1/projects/test-fire-react-base/databases/(default)/collectionGroups/-/fields?filter=indexConfig.usesAncestorConfig=false 200
[debug] [2022-06-22T00:28:19.995Z] <<< [apiv2][body] GET https://firestore.googleapis.com/v1/projects/test-fire-react-base/databases/(default)/collectionGroups/-/fields?filter=indexConfig.usesAncestorConfig=false {"fields":[{"name":"projects/test-fire-react-base/databases/(default)/collectionGroups/__default__/fields/*","indexConfig":{"indexes":[{"queryScope":"COLLECTION","fields":[{"fieldPath":"*","order":"ASCENDING"}],"state":"READY"},{"queryScope":"COLLECTION","fields":[{"fieldPath":"*","order":"DESCENDING"}],"state":"READY"},{"queryScope":"COLLECTION","fields":[{"fieldPath":"*","arrayConfig":"CONTAINS"}],"state":"READY"}]}}]}
[info] +  firestore: deployed indexes in firestore.indexes.json successfully 
[debug] [2022-06-22T00:28:19.996Z] >>> [apiv2][query] POST https://cloudfunctions.googleapis.com/v1/projects/test-fire-react-base/locations/us-central1/functions:generateUploadUrl [none]
[debug] [2022-06-22T00:28:19.996Z] >>> [apiv2][body] POST https://cloudfunctions.googleapis.com/v1/projects/test-fire-react-base/locations/us-central1/functions:generateUploadUrl {}
[debug] [2022-06-22T00:28:20.529Z] <<< [apiv2][status] POST https://cloudfunctions.googleapis.com/v1/projects/test-fire-react-base/locations/us-central1/functions:generateUploadUrl 200
[debug] [2022-06-22T00:28:20.529Z] <<< [apiv2][body] POST https://cloudfunctions.googleapis.com/v1/projects/test-fire-react-base/locations/us-central1/functions:generateUploadUrl {"uploadUrl":"https://storage.googleapis.com/uploads-889011162045.us-central1.cloudfunctions.appspot.com/82d0051e-b613-498a-86c7-d8e4df12ba2d.zip?GoogleAccessId=service-915470463064@gcf-admin-robot.iam.gserviceaccount.com&Expires=1655859499&Signature=Tj3YG%2F%2BmGiXkLPytWBMQDpN6C%2FLx57TY0APTdWjGK4XXONNwwW9%2FkG%2FWeKgma3RRyRJaNGAvawR1I4JWlDGvOfUpq4Z%2FA0YTS%2FqmtmxwkINw9ASubS8MX6o4EATA%2FddyFVEwur5Tgms7Y28X8qRAhQwg13Kc2oIiYrjr1jfiX5xwvRJBQ%2FQT83Cqc%2BBbBouvpM53OFCha0jXlPXXXdXIl1z0aeORFyR5C%2FtZK9xke8VC9PKLXs9vl641ych4unHM6sDg8V9ysOi3l%2BE17PAkFEwa1l191o70LXNzVItY8c%2B2i7diSPl7IaDMNm4PrkF7lvxHL6%2FkHVe71lC4qRXR1w%3D%3D"}
[debug] [2022-06-22T00:28:20.530Z] >>> [apiv2][query] PUT https://storage.googleapis.com/uploads-889011162045.us-central1.cloudfunctions.appspot.com/82d0051e-b613-498a-86c7-d8e4df12ba2d.zip GoogleAccessId=service-915470463064%40gcf-admin-robot.iam.gserviceaccount.com&Expires=1655859499&Signature=Tj3YG%2F%2BmGiXkLPytWBMQDpN6C%2FLx57TY0APTdWjGK4XXONNwwW9%2FkG%2FWeKgma3RRyRJaNGAvawR1I4JWlDGvOfUpq4Z%2FA0YTS%2FqmtmxwkINw9ASubS8MX6o4EATA%2FddyFVEwur5Tgms7Y28X8qRAhQwg13Kc2oIiYrjr1jfiX5xwvRJBQ%2FQT83Cqc%2BBbBouvpM53OFCha0jXlPXXXdXIl1z0aeORFyR5C%2FtZK9xke8VC9PKLXs9vl641ych4unHM6sDg8V9ysOi3l%2BE17PAkFEwa1l191o70LXNzVItY8c%2B2i7diSPl7IaDMNm4PrkF7lvxHL6%2FkHVe71lC4qRXR1w%3D%3D
[debug] [2022-06-22T00:28:20.530Z] >>> [apiv2][body] PUT https://storage.googleapis.com/uploads-889011162045.us-central1.cloudfunctions.appspot.com/82d0051e-b613-498a-86c7-d8e4df12ba2d.zip [stream]
[debug] [2022-06-22T00:28:20.877Z] <<< [apiv2][status] PUT https://storage.googleapis.com/uploads-889011162045.us-central1.cloudfunctions.appspot.com/82d0051e-b613-498a-86c7-d8e4df12ba2d.zip 200
[debug] [2022-06-22T00:28:20.877Z] <<< [apiv2][body] PUT https://storage.googleapis.com/uploads-889011162045.us-central1.cloudfunctions.appspot.com/82d0051e-b613-498a-86c7-d8e4df12ba2d.zip [omitted]
[info] +  functions: functions folder uploaded successfully 
[info] i  hosting[test-fire-react-base]: beginning deploy... 
[info] i  hosting[test-fire-react-base]: found 22 files in build 
[debug] [2022-06-22T00:28:20.888Z] [hosting] uploading with 200 concurrency
[debug] [2022-06-22T00:28:20.892Z] [hosting] hash cache [YnVpbGQ] stored for 22 files
[debug] [2022-06-22T00:28:20.892Z] [hosting][hash queue][FINAL] {"max":2,"min":0,"avg":0,"active":0,"complete":22,"success":22,"errored":0,"retried":0,"total":22,"elapsed":3}
[debug] [2022-06-22T00:28:20.892Z] >>> [apiv2][query] POST https://firebasehosting.googleapis.com/v1beta1/projects/915470463064/sites/test-fire-react-base/versions/504a24161847e5af:populateFiles [none]
[debug] [2022-06-22T00:28:20.892Z] >>> [apiv2][body] POST https://firebasehosting.googleapis.com/v1beta1/projects/915470463064/sites/test-fire-react-base/versions/504a24161847e5af:populateFiles {"files":{"/apple-touch-icon.png":"f4bcbc7d56b2307f4eb3fe61befbd2bf0529b5cb65dc1c52eee8b79045bbc3f7","/asset-manifest.json":"03baf8ced69b4dfa737e4d755ae80a0021bea0efc89bb788f1ed879b9e7832e5","/favicon.ico":"eae62e993eb980ec8a25058c39d5a51feab118bd2100c4deebb2a9c158ec11f9","/index.html":"084c437dba77bddb2731b1932da721e3f25fa19b73b1f3452712d40ddbe3de49","/logo192.png":"3ee59515172ee198f3be375979df15ac5345183e656720a381b8872b2a39dc8b","/logo512.png":"ee7e2f3fdb8209c4b6fd7bef6ba50d1b9dba30a25bb5c3126df057e1cb6f5331","/manifest.json":"28b1a5a662eed02322a9a4b1358555343f710c833fe0bedf8b28eaf5e808e7b2","/robots.txt":"862cfc088c5a3c4674640937340b0aea0024201854ef72217368edef4fa19988","/sitemap.xml":"04b67625b6bc15c90d252afe85a10c4973408dfe20318ead25da48beb30a870d","/static/css/main.cde62572.css":"55e9531ee22fdcbb7e4d4db90c79ba217106b8f579ae9a57cdb241436c0580ef","/static/css/main.cde62572.css.map":"37590dbf75e5d9ffe4f7d20b0d004ba28671f0434f6a0b58d0a46cdd18e7dc8e","/static/js/main.4078f533.js":"bbeb508aee560f562ee81d47f68ce3712ba444a575d7a42501a8939169842465","/static/js/main.4078f533.js.LICENSE.txt":"080cf029a2a7aa1fa2345c5801e8225f41ecc38641d270171fb57723f6987141","/static/js/main.4078f533.js.map":"e0e340faa07259fb6a5aff098f1f08f6ae349dfb7a090822a8453048dd8b6e9d","/static/media/1.68c0f8b1b99522840534.png":"1bf236d3a42c220f39d303ed92d83db0d5da4e25e165eaf2fe4e1992e6f43262","/static/media/2.da6d1edaf40b0e8d3097.png":"29dd68faee118462eee5fdd62fde7e737ea9ff8870da71593aa29f9bc093f949","/static/media/3.e956859aca2a661af23e.png":"8bb65932a8e1da5febd0a44aec4c867463481c8815a0c207b842a5ca60c1bd31","/static/media/4.a650fafc2c74b440599f.png":"04ffec1f5d43799431f98a1bcdf6f7d84378b2fbece8c5dd01b791d7317daf5c","/static/media/5.dea21138df9c69c649b0.png":"22a772305421038cfe42981ceb83d8f33b08bcb9e4b73e9e4d3c70755a3a7089","/static/media/cat.7f545f5e5692c0842794.png":"5cefeb853efdabc6b8d267427ae4f041b662ab6a2ee051575b098c67e86315c7","/static/media/Roboto-Bold.4f39c5796e60c9d8e732.ttf":"8f6bfbe43aad15b735c7c4c49e073fb39703d728892fa88b1717e0ba530a7ce3","/static/media/Roboto-Regular.03523cf578d69fa92322.ttf":"2b927893af87a64ad3e95037e47a449161f5d1a21b36df96f14d1d6530192d40"}}
[debug] [2022-06-22T00:28:21.345Z] <<< [apiv2][status] POST https://firebasehosting.googleapis.com/v1beta1/projects/915470463064/sites/test-fire-react-base/versions/504a24161847e5af:populateFiles 200
[debug] [2022-06-22T00:28:21.345Z] <<< [apiv2][body] POST https://firebasehosting.googleapis.com/v1beta1/projects/915470463064/sites/test-fire-react-base/versions/504a24161847e5af:populateFiles {"uploadRequiredHashes":["084c437dba77bddb2731b1932da721e3f25fa19b73b1f3452712d40ddbe3de49","f4bcbc7d56b2307f4eb3fe61befbd2bf0529b5cb65dc1c52eee8b79045bbc3f7","bbeb508aee560f562ee81d47f68ce3712ba444a575d7a42501a8939169842465","e0e340faa07259fb6a5aff098f1f08f6ae349dfb7a090822a8453048dd8b6e9d","080cf029a2a7aa1fa2345c5801e8225f41ecc38641d270171fb57723f6987141","03baf8ced69b4dfa737e4d755ae80a0021bea0efc89bb788f1ed879b9e7832e5"],"uploadUrl":"https://upload-firebasehosting.googleapis.com/upload/sites/test-fire-react-base/versions/504a24161847e5af/files"}
[debug] [2022-06-22T00:28:21.346Z] >>> [apiv2][query] POST https://upload-firebasehosting.googleapis.com/upload/sites/test-fire-react-base/versions/504a24161847e5af/files/084c437dba77bddb2731b1932da721e3f25fa19b73b1f3452712d40ddbe3de49 [none]
[debug] [2022-06-22T00:28:21.346Z] >>> [apiv2][body] POST https://upload-firebasehosting.googleapis.com/upload/sites/test-fire-react-base/versions/504a24161847e5af/files/084c437dba77bddb2731b1932da721e3f25fa19b73b1f3452712d40ddbe3de49 [stream]
[debug] [2022-06-22T00:28:21.347Z] >>> [apiv2][query] POST https://upload-firebasehosting.googleapis.com/upload/sites/test-fire-react-base/versions/504a24161847e5af/files/f4bcbc7d56b2307f4eb3fe61befbd2bf0529b5cb65dc1c52eee8b79045bbc3f7 [none]
[debug] [2022-06-22T00:28:21.347Z] >>> [apiv2][body] POST https://upload-firebasehosting.googleapis.com/upload/sites/test-fire-react-base/versions/504a24161847e5af/files/f4bcbc7d56b2307f4eb3fe61befbd2bf0529b5cb65dc1c52eee8b79045bbc3f7 [stream]
[debug] [2022-06-22T00:28:21.347Z] >>> [apiv2][query] POST https://upload-firebasehosting.googleapis.com/upload/sites/test-fire-react-base/versions/504a24161847e5af/files/bbeb508aee560f562ee81d47f68ce3712ba444a575d7a42501a8939169842465 [none]
[debug] [2022-06-22T00:28:21.347Z] >>> [apiv2][body] POST https://upload-firebasehosting.googleapis.com/upload/sites/test-fire-react-base/versions/504a24161847e5af/files/bbeb508aee560f562ee81d47f68ce3712ba444a575d7a42501a8939169842465 [stream]
[debug] [2022-06-22T00:28:21.347Z] >>> [apiv2][query] POST https://upload-firebasehosting.googleapis.com/upload/sites/test-fire-react-base/versions/504a24161847e5af/files/e0e340faa07259fb6a5aff098f1f08f6ae349dfb7a090822a8453048dd8b6e9d [none]
[debug] [2022-06-22T00:28:21.347Z] >>> [apiv2][body] POST https://upload-firebasehosting.googleapis.com/upload/sites/test-fire-react-base/versions/504a24161847e5af/files/e0e340faa07259fb6a5aff098f1f08f6ae349dfb7a090822a8453048dd8b6e9d [stream]
[debug] [2022-06-22T00:28:21.349Z] >>> [apiv2][query] POST https://upload-firebasehosting.googleapis.com/upload/sites/test-fire-react-base/versions/504a24161847e5af/files/080cf029a2a7aa1fa2345c5801e8225f41ecc38641d270171fb57723f6987141 [none]
[debug] [2022-06-22T00:28:21.349Z] >>> [apiv2][body] POST https://upload-firebasehosting.googleapis.com/upload/sites/test-fire-react-base/versions/504a24161847e5af/files/080cf029a2a7aa1fa2345c5801e8225f41ecc38641d270171fb57723f6987141 [stream]
[debug] [2022-06-22T00:28:21.350Z] >>> [apiv2][query] POST https://upload-firebasehosting.googleapis.com/upload/sites/test-fire-react-base/versions/504a24161847e5af/files/03baf8ced69b4dfa737e4d755ae80a0021bea0efc89bb788f1ed879b9e7832e5 [none]
[debug] [2022-06-22T00:28:21.350Z] >>> [apiv2][body] POST https://upload-firebasehosting.googleapis.com/upload/sites/test-fire-react-base/versions/504a24161847e5af/files/03baf8ced69b4dfa737e4d755ae80a0021bea0efc89bb788f1ed879b9e7832e5 [stream]
[debug] [2022-06-22T00:28:21.350Z] [hosting][populate queue][FINAL] {"max":455,"min":455,"avg":455,"active":0,"complete":1,"success":1,"errored":0,"retried":0,"total":1,"elapsed":459}
[debug] [2022-06-22T00:28:21.350Z] [hosting] uploads queued: 6
[debug] [2022-06-22T00:28:22.013Z] <<< [apiv2][status] POST https://upload-firebasehosting.googleapis.com/upload/sites/test-fire-react-base/versions/504a24161847e5af/files/03baf8ced69b4dfa737e4d755ae80a0021bea0efc89bb788f1ed879b9e7832e5 200
[debug] [2022-06-22T00:28:22.013Z] <<< [apiv2][body] POST https://upload-firebasehosting.googleapis.com/upload/sites/test-fire-react-base/versions/504a24161847e5af/files/03baf8ced69b4dfa737e4d755ae80a0021bea0efc89bb788f1ed879b9e7832e5 [stream]
[debug] [2022-06-22T00:28:22.019Z] <<< [apiv2][status] POST https://upload-firebasehosting.googleapis.com/upload/sites/test-fire-react-base/versions/504a24161847e5af/files/084c437dba77bddb2731b1932da721e3f25fa19b73b1f3452712d40ddbe3de49 200
[debug] [2022-06-22T00:28:22.019Z] <<< [apiv2][body] POST https://upload-firebasehosting.googleapis.com/upload/sites/test-fire-react-base/versions/504a24161847e5af/files/084c437dba77bddb2731b1932da721e3f25fa19b73b1f3452712d40ddbe3de49 [stream]
[debug] [2022-06-22T00:28:22.109Z] <<< [apiv2][status] POST https://upload-firebasehosting.googleapis.com/upload/sites/test-fire-react-base/versions/504a24161847e5af/files/bbeb508aee560f562ee81d47f68ce3712ba444a575d7a42501a8939169842465 200
[debug] [2022-06-22T00:28:22.109Z] <<< [apiv2][body] POST https://upload-firebasehosting.googleapis.com/upload/sites/test-fire-react-base/versions/504a24161847e5af/files/bbeb508aee560f562ee81d47f68ce3712ba444a575d7a42501a8939169842465 [stream]
[debug] [2022-06-22T00:28:22.113Z] <<< [apiv2][status] POST https://upload-firebasehosting.googleapis.com/upload/sites/test-fire-react-base/versions/504a24161847e5af/files/080cf029a2a7aa1fa2345c5801e8225f41ecc38641d270171fb57723f6987141 200
[debug] [2022-06-22T00:28:22.113Z] <<< [apiv2][body] POST https://upload-firebasehosting.googleapis.com/upload/sites/test-fire-react-base/versions/504a24161847e5af/files/080cf029a2a7aa1fa2345c5801e8225f41ecc38641d270171fb57723f6987141 [stream]
[debug] [2022-06-22T00:28:22.146Z] <<< [apiv2][status] POST https://upload-firebasehosting.googleapis.com/upload/sites/test-fire-react-base/versions/504a24161847e5af/files/f4bcbc7d56b2307f4eb3fe61befbd2bf0529b5cb65dc1c52eee8b79045bbc3f7 200
[debug] [2022-06-22T00:28:22.146Z] <<< [apiv2][body] POST https://upload-firebasehosting.googleapis.com/upload/sites/test-fire-react-base/versions/504a24161847e5af/files/f4bcbc7d56b2307f4eb3fe61befbd2bf0529b5cb65dc1c52eee8b79045bbc3f7 [stream]
[debug] [2022-06-22T00:28:22.978Z] <<< [apiv2][status] POST https://upload-firebasehosting.googleapis.com/upload/sites/test-fire-react-base/versions/504a24161847e5af/files/e0e340faa07259fb6a5aff098f1f08f6ae349dfb7a090822a8453048dd8b6e9d 200
[debug] [2022-06-22T00:28:22.978Z] <<< [apiv2][body] POST https://upload-firebasehosting.googleapis.com/upload/sites/test-fire-react-base/versions/504a24161847e5af/files/e0e340faa07259fb6a5aff098f1f08f6ae349dfb7a090822a8453048dd8b6e9d [stream]
[debug] [2022-06-22T00:28:22.978Z] [hosting][upload queue][FINAL] {"max":1632,"min":667,"avg":884.1666666666666,"active":0,"complete":6,"success":6,"errored":0,"retried":0,"total":6,"elapsed":1633}
[info] +  hosting[test-fire-react-base]: file upload complete 
[debug] [2022-06-22T00:28:22.979Z] [hosting] deploy completed after 2100ms
[debug] [2022-06-22T00:28:22.981Z] [rules] releasing firebase.storage/test-fire-react-base.appspot.com with ruleset projects/test-fire-react-base/rulesets/7f05ae52-439e-41de-882c-eb1e3e034a7a
[debug] [2022-06-22T00:28:22.981Z] >>> [apiv2][query] PATCH https://firebaserules.googleapis.com/v1/projects/test-fire-react-base/releases/firebase.storage/test-fire-react-base.appspot.com [none]
[debug] [2022-06-22T00:28:22.981Z] >>> [apiv2][body] PATCH https://firebaserules.googleapis.com/v1/projects/test-fire-react-base/releases/firebase.storage/test-fire-react-base.appspot.com {"release":{"name":"projects/test-fire-react-base/releases/firebase.storage/test-fire-react-base.appspot.com","rulesetName":"projects/test-fire-react-base/rulesets/7f05ae52-439e-41de-882c-eb1e3e034a7a"}}
[debug] [2022-06-22T00:28:23.224Z] <<< [apiv2][status] PATCH https://firebaserules.googleapis.com/v1/projects/test-fire-react-base/releases/firebase.storage/test-fire-react-base.appspot.com 200
[debug] [2022-06-22T00:28:23.224Z] <<< [apiv2][body] PATCH https://firebaserules.googleapis.com/v1/projects/test-fire-react-base/releases/firebase.storage/test-fire-react-base.appspot.com {"name":"projects/test-fire-react-base/releases/firebase.storage/test-fire-react-base.appspot.com","rulesetName":"projects/test-fire-react-base/rulesets/7f05ae52-439e-41de-882c-eb1e3e034a7a","createTime":"2022-03-10T07:38:44.828242Z","updateTime":"2022-06-22T00:28:21.987079Z"}
[debug] [2022-06-22T00:28:23.224Z] [rules] updated release projects/test-fire-react-base/releases/firebase.storage/test-fire-react-base.appspot.com
[info] +  storage: released rules storage.rules to firebase.storage 
[debug] [2022-06-22T00:28:23.226Z] [rules] releasing cloud.firestore with ruleset projects/test-fire-react-base/rulesets/47a15f83-61a3-4109-a03c-5cc40c8178f9
[debug] [2022-06-22T00:28:23.226Z] >>> [apiv2][query] PATCH https://firebaserules.googleapis.com/v1/projects/test-fire-react-base/releases/cloud.firestore [none]
[debug] [2022-06-22T00:28:23.226Z] >>> [apiv2][body] PATCH https://firebaserules.googleapis.com/v1/projects/test-fire-react-base/releases/cloud.firestore {"release":{"name":"projects/test-fire-react-base/releases/cloud.firestore","rulesetName":"projects/test-fire-react-base/rulesets/47a15f83-61a3-4109-a03c-5cc40c8178f9"}}
[debug] [2022-06-22T00:28:23.519Z] <<< [apiv2][status] PATCH https://firebaserules.googleapis.com/v1/projects/test-fire-react-base/releases/cloud.firestore 200
[debug] [2022-06-22T00:28:23.519Z] <<< [apiv2][body] PATCH https://firebaserules.googleapis.com/v1/projects/test-fire-react-base/releases/cloud.firestore {"name":"projects/test-fire-react-base/releases/cloud.firestore","rulesetName":"projects/test-fire-react-base/rulesets/47a15f83-61a3-4109-a03c-5cc40c8178f9","createTime":"2022-03-10T07:39:28.059531Z","updateTime":"2022-06-22T00:28:22.282305Z"}
[debug] [2022-06-22T00:28:23.519Z] [rules] updated release projects/test-fire-react-base/releases/cloud.firestore
[info] +  firestore: released rules firestore.rules to cloud.firestore 
[info] i  functions: updating Node.js 16 function onMessageCreated(us-central1)... 
[info] i  functions: updating Node.js 16 function onUserCreated(us-central1)... 
[info] i  functions: updating Node.js 16 function onFeedbackCreated(us-central1)... 
[info] i  functions: updating Node.js 16 function onAdminCreated(us-central1)... 
[debug] [2022-06-22T00:28:23.523Z] >>> [apiv2][query] PATCH https://cloudfunctions.googleapis.com/v1/projects/test-fire-react-base/locations/us-central1/functions/onMessageCreated updateMask=name%2CsourceUploadUrl%2CentryPoint%2Cruntime%2Clabels%2CeventTrigger.eventType%2CeventTrigger.resource%2CeventTrigger.failurePolicy%2CavailableMemoryMb%2CenvironmentVariables%2CsourceToken
[debug] [2022-06-22T00:28:23.523Z] >>> [apiv2][body] PATCH https://cloudfunctions.googleapis.com/v1/projects/test-fire-react-base/locations/us-central1/functions/onMessageCreated {"name":"projects/test-fire-react-base/locations/us-central1/functions/onMessageCreated","sourceUploadUrl":"https://storage.googleapis.com/uploads-889011162045.us-central1.cloudfunctions.appspot.com/82d0051e-b613-498a-86c7-d8e4df12ba2d.zip?GoogleAccessId=service-915470463064@gcf-admin-robot.iam.gserviceaccount.com&Expires=1655859499&Signature=Tj3YG%2F%2BmGiXkLPytWBMQDpN6C%2FLx57TY0APTdWjGK4XXONNwwW9%2FkG%2FWeKgma3RRyRJaNGAvawR1I4JWlDGvOfUpq4Z%2FA0YTS%2FqmtmxwkINw9ASubS8MX6o4EATA%2FddyFVEwur5Tgms7Y28X8qRAhQwg13Kc2oIiYrjr1jfiX5xwvRJBQ%2FQT83Cqc%2BBbBouvpM53OFCha0jXlPXXXdXIl1z0aeORFyR5C%2FtZK9xke8VC9PKLXs9vl641ych4unHM6sDg8V9ysOi3l%2BE17PAkFEwa1l191o70LXNzVItY8c%2B2i7diSPl7IaDMNm4PrkF7lvxHL6%2FkHVe71lC4qRXR1w%3D%3D","entryPoint":"onMessageCreated","runtime":"nodejs16","labels":{"deployment-tool":"cli-firebase"},"eventTrigger":{"eventType":"providers/cloud.firestore/eventTypes/document.create","resource":"projects/test-fire-react-base/databases/(default)/documents/messages/{messageId}"},"availableMemoryMb":256,"environmentVariables":{"FIREBASE_CONFIG":"{\"projectId\":\"test-fire-react-base\",\"storageBucket\":\"test-fire-react-base.appspot.com\",\"locationId\":\"us-central\"}","GCLOUD_PROJECT":"test-fire-react-base"}}
[debug] [2022-06-22T00:28:23.917Z] <<< [apiv2][status] PATCH https://cloudfunctions.googleapis.com/v1/projects/test-fire-react-base/locations/us-central1/functions/onMessageCreated 200
[debug] [2022-06-22T00:28:23.917Z] <<< [apiv2][body] PATCH https://cloudfunctions.googleapis.com/v1/projects/test-fire-react-base/locations/us-central1/functions/onMessageCreated {"name":"operations/dGVzdC1maXJlLXJlYWN0LWJhc2UvdXMtY2VudHJhbDEvb25NZXNzYWdlQ3JlYXRlZC9Gb01mM0FNNDJVZw","metadata":{"@type":"type.googleapis.com/google.cloud.functions.v1.OperationMetadataV1","target":"projects/test-fire-react-base/locations/us-central1/functions/onMessageCreated","type":"UPDATE_FUNCTION","request":{"@type":"type.googleapis.com/google.cloud.functions.v1.CloudFunction","name":"projects/test-fire-react-base/locations/us-central1/functions/onMessageCreated","eventTrigger":{"eventType":"providers/cloud.firestore/eventTypes/document.create","resource":"projects/test-fire-react-base/databases/(default)/documents/messages/{messageId}","service":"firestore.googleapis.com"},"status":"ACTIVE","entryPoint":"onMessageCreated","timeout":"60s","availableMemoryMb":256,"serviceAccountEmail":"test-fire-react-base@appspot.gserviceaccount.com","updateTime":"2022-06-07T17:22:18.552Z","versionId":"26","labels":{"deployment-tool":"cli-firebase"},"sourceUploadUrl":"https://storage.googleapis.com/uploads-889011162045.us-central1.cloudfunctions.appspot.com/82d0051e-b613-498a-86c7-d8e4df12ba2d.zip?GoogleAccessId=service-915470463064@gcf-admin-robot.iam.gserviceaccount.com&Expires=1655859499&Signature=Tj3YG%2F%2BmGiXkLPytWBMQDpN6C%2FLx57TY0APTdWjGK4XXONNwwW9%2FkG%2FWeKgma3RRyRJaNGAvawR1I4JWlDGvOfUpq4Z%2FA0YTS%2FqmtmxwkINw9ASubS8MX6o4EATA%2FddyFVEwur5Tgms7Y28X8qRAhQwg13Kc2oIiYrjr1jfiX5xwvRJBQ%2FQT83Cqc%2BBbBouvpM53OFCha0jXlPXXXdXIl1z0aeORFyR5C%2FtZK9xke8VC9PKLXs9vl641ych4unHM6sDg8V9ysOi3l%2BE17PAkFEwa1l191o70LXNzVItY8c%2B2i7diSPl7IaDMNm4PrkF7lvxHL6%2FkHVe71lC4qRXR1w%3D%3D","environmentVariables":{"FIREBASE_CONFIG":"{\"projectId\":\"test-fire-react-base\",\"storageBucket\":\"test-fire-react-base.appspot.com\",\"locationId\":\"us-central\"}","GCLOUD_PROJECT":"test-fire-react-base"},"runtime":"nodejs16","ingressSettings":"ALLOW_ALL","buildId":"f3ee717c-e90e-4f01-b8b7-c8f64c37a51b","buildName":"projects/915470463064/locations/us-central1/builds/f3ee717c-e90e-4f01-b8b7-c8f64c37a51b","dockerRegistry":"CONTAINER_REGISTRY"},"versionId":"27","updateTime":"2022-06-22T00:28:22Z"}}
[debug] [2022-06-22T00:28:23.917Z] >>> [apiv2][query] GET https://cloudfunctions.googleapis.com/v1/operations/dGVzdC1maXJlLXJlYWN0LWJhc2UvdXMtY2VudHJhbDEvb25NZXNzYWdlQ3JlYXRlZC9Gb01mM0FNNDJVZw [none]
[debug] [2022-06-22T00:28:24.112Z] <<< [apiv2][status] GET https://cloudfunctions.googleapis.com/v1/operations/dGVzdC1maXJlLXJlYWN0LWJhc2UvdXMtY2VudHJhbDEvb25NZXNzYWdlQ3JlYXRlZC9Gb01mM0FNNDJVZw 200
[debug] [2022-06-22T00:28:24.112Z] <<< [apiv2][body] GET https://cloudfunctions.googleapis.com/v1/operations/dGVzdC1maXJlLXJlYWN0LWJhc2UvdXMtY2VudHJhbDEvb25NZXNzYWdlQ3JlYXRlZC9Gb01mM0FNNDJVZw {"name":"operations/dGVzdC1maXJlLXJlYWN0LWJhc2UvdXMtY2VudHJhbDEvb25NZXNzYWdlQ3JlYXRlZC9Gb01mM0FNNDJVZw","metadata":{"@type":"type.googleapis.com/google.cloud.functions.v1.OperationMetadataV1","target":"projects/test-fire-react-base/locations/us-central1/functions/onMessageCreated","type":"UPDATE_FUNCTION","request":{"@type":"type.googleapis.com/google.cloud.functions.v1.CloudFunction","name":"projects/test-fire-react-base/locations/us-central1/functions/onMessageCreated","eventTrigger":{"eventType":"providers/cloud.firestore/eventTypes/document.create","resource":"projects/test-fire-react-base/databases/(default)/documents/messages/{messageId}","service":"firestore.googleapis.com"},"status":"ACTIVE","entryPoint":"onMessageCreated","timeout":"60s","availableMemoryMb":256,"serviceAccountEmail":"test-fire-react-base@appspot.gserviceaccount.com","updateTime":"2022-06-07T17:22:18.552Z","versionId":"26","labels":{"deployment-tool":"cli-firebase"},"sourceUploadUrl":"https://storage.googleapis.com/uploads-889011162045.us-central1.cloudfunctions.appspot.com/82d0051e-b613-498a-86c7-d8e4df12ba2d.zip?GoogleAccessId=service-915470463064@gcf-admin-robot.iam.gserviceaccount.com&Expires=1655859499&Signature=Tj3YG%2F%2BmGiXkLPytWBMQDpN6C%2FLx57TY0APTdWjGK4XXONNwwW9%2FkG%2FWeKgma3RRyRJaNGAvawR1I4JWlDGvOfUpq4Z%2FA0YTS%2FqmtmxwkINw9ASubS8MX6o4EATA%2FddyFVEwur5Tgms7Y28X8qRAhQwg13Kc2oIiYrjr1jfiX5xwvRJBQ%2FQT83Cqc%2BBbBouvpM53OFCha0jXlPXXXdXIl1z0aeORFyR5C%2FtZK9xke8VC9PKLXs9vl641ych4unHM6sDg8V9ysOi3l%2BE17PAkFEwa1l191o70LXNzVItY8c%2B2i7diSPl7IaDMNm4PrkF7lvxHL6%2FkHVe71lC4qRXR1w%3D%3D","environmentVariables":{"FIREBASE_CONFIG":"{\"projectId\":\"test-fire-react-base\",\"storageBucket\":\"test-fire-react-base.appspot.com\",\"locationId\":\"us-central\"}","GCLOUD_PROJECT":"test-fire-react-base"},"runtime":"nodejs16","ingressSettings":"ALLOW_ALL","buildId":"f3ee717c-e90e-4f01-b8b7-c8f64c37a51b","buildName":"projects/915470463064/locations/us-central1/builds/f3ee717c-e90e-4f01-b8b7-c8f64c37a51b","dockerRegistry":"CONTAINER_REGISTRY"},"versionId":"27","updateTime":"2022-06-22T00:28:22Z"}}
[debug] [2022-06-22T00:28:24.621Z] [update-default-us-central1-onMessageCreated] Retrying task index 0
[debug] [2022-06-22T00:28:24.622Z] >>> [apiv2][query] GET https://cloudfunctions.googleapis.com/v1/operations/dGVzdC1maXJlLXJlYWN0LWJhc2UvdXMtY2VudHJhbDEvb25NZXNzYWdlQ3JlYXRlZC9Gb01mM0FNNDJVZw [none]
[debug] [2022-06-22T00:28:24.773Z] <<< [apiv2][status] GET https://cloudfunctions.googleapis.com/v1/operations/dGVzdC1maXJlLXJlYWN0LWJhc2UvdXMtY2VudHJhbDEvb25NZXNzYWdlQ3JlYXRlZC9Gb01mM0FNNDJVZw 200
[debug] [2022-06-22T00:28:24.773Z] <<< [apiv2][body] GET https://cloudfunctions.googleapis.com/v1/operations/dGVzdC1maXJlLXJlYWN0LWJhc2UvdXMtY2VudHJhbDEvb25NZXNzYWdlQ3JlYXRlZC9Gb01mM0FNNDJVZw {"name":"operations/dGVzdC1maXJlLXJlYWN0LWJhc2UvdXMtY2VudHJhbDEvb25NZXNzYWdlQ3JlYXRlZC9Gb01mM0FNNDJVZw","metadata":{"@type":"type.googleapis.com/google.cloud.functions.v1.OperationMetadataV1","target":"projects/test-fire-react-base/locations/us-central1/functions/onMessageCreated","type":"UPDATE_FUNCTION","request":{"@type":"type.googleapis.com/google.cloud.functions.v1.CloudFunction","name":"projects/test-fire-react-base/locations/us-central1/functions/onMessageCreated","eventTrigger":{"eventType":"providers/cloud.firestore/eventTypes/document.create","resource":"projects/test-fire-react-base/databases/(default)/documents/messages/{messageId}","service":"firestore.googleapis.com"},"status":"ACTIVE","entryPoint":"onMessageCreated","timeout":"60s","availableMemoryMb":256,"serviceAccountEmail":"test-fire-react-base@appspot.gserviceaccount.com","updateTime":"2022-06-07T17:22:18.552Z","versionId":"26","labels":{"deployment-tool":"cli-firebase"},"sourceUploadUrl":"https://storage.googleapis.com/uploads-889011162045.us-central1.cloudfunctions.appspot.com/82d0051e-b613-498a-86c7-d8e4df12ba2d.zip?GoogleAccessId=service-915470463064@gcf-admin-robot.iam.gserviceaccount.com&Expires=1655859499&Signature=Tj3YG%2F%2BmGiXkLPytWBMQDpN6C%2FLx57TY0APTdWjGK4XXONNwwW9%2FkG%2FWeKgma3RRyRJaNGAvawR1I4JWlDGvOfUpq4Z%2FA0YTS%2FqmtmxwkINw9ASubS8MX6o4EATA%2FddyFVEwur5Tgms7Y28X8qRAhQwg13Kc2oIiYrjr1jfiX5xwvRJBQ%2FQT83Cqc%2BBbBouvpM53OFCha0jXlPXXXdXIl1z0aeORFyR5C%2FtZK9xke8VC9PKLXs9vl641ych4unHM6sDg8V9ysOi3l%2BE17PAkFEwa1l191o70LXNzVItY8c%2B2i7diSPl7IaDMNm4PrkF7lvxHL6%2FkHVe71lC4qRXR1w%3D%3D","environmentVariables":{"FIREBASE_CONFIG":"{\"projectId\":\"test-fire-react-base\",\"storageBucket\":\"test-fire-react-base.appspot.com\",\"locationId\":\"us-central\"}","GCLOUD_PROJECT":"test-fire-react-base"},"runtime":"nodejs16","ingressSettings":"ALLOW_ALL","buildId":"f3ee717c-e90e-4f01-b8b7-c8f64c37a51b","buildName":"projects/915470463064/locations/us-central1/builds/f3ee717c-e90e-4f01-b8b7-c8f64c37a51b","dockerRegistry":"CONTAINER_REGISTRY"},"versionId":"27","updateTime":"2022-06-22T00:28:22Z","buildId":"41d27162-5545-4caa-b179-295182c98536","buildName":"projects/915470463064/locations/us-central1/builds/41d27162-5545-4caa-b179-295182c98536"}}
[debug] [2022-06-22T00:28:25.773Z] [update-default-us-central1-onMessageCreated] Retrying task index 0
[debug] [2022-06-22T00:28:25.774Z] >>> [apiv2][query] GET https://cloudfunctions.googleapis.com/v1/operations/dGVzdC1maXJlLXJlYWN0LWJhc2UvdXMtY2VudHJhbDEvb25NZXNzYWdlQ3JlYXRlZC9Gb01mM0FNNDJVZw [none]
[debug] [2022-06-22T00:28:25.969Z] <<< [apiv2][status] GET https://cloudfunctions.googleapis.com/v1/operations/dGVzdC1maXJlLXJlYWN0LWJhc2UvdXMtY2VudHJhbDEvb25NZXNzYWdlQ3JlYXRlZC9Gb01mM0FNNDJVZw 200
[debug] [2022-06-22T00:28:25.970Z] <<< [apiv2][body] GET https://cloudfunctions.googleapis.com/v1/operations/dGVzdC1maXJlLXJlYWN0LWJhc2UvdXMtY2VudHJhbDEvb25NZXNzYWdlQ3JlYXRlZC9Gb01mM0FNNDJVZw {"name":"operations/dGVzdC1maXJlLXJlYWN0LWJhc2UvdXMtY2VudHJhbDEvb25NZXNzYWdlQ3JlYXRlZC9Gb01mM0FNNDJVZw","metadata":{"@type":"type.googleapis.com/google.cloud.functions.v1.OperationMetadataV1","target":"projects/test-fire-react-base/locations/us-central1/functions/onMessageCreated","type":"UPDATE_FUNCTION","request":{"@type":"type.googleapis.com/google.cloud.functions.v1.CloudFunction","name":"projects/test-fire-react-base/locations/us-central1/functions/onMessageCreated","eventTrigger":{"eventType":"providers/cloud.firestore/eventTypes/document.create","resource":"projects/test-fire-react-base/databases/(default)/documents/messages/{messageId}","service":"firestore.googleapis.com"},"status":"ACTIVE","entryPoint":"onMessageCreated","timeout":"60s","availableMemoryMb":256,"serviceAccountEmail":"test-fire-react-base@appspot.gserviceaccount.com","updateTime":"2022-06-07T17:22:18.552Z","versionId":"26","labels":{"deployment-tool":"cli-firebase"},"sourceUploadUrl":"https://storage.googleapis.com/uploads-889011162045.us-central1.cloudfunctions.appspot.com/82d0051e-b613-498a-86c7-d8e4df12ba2d.zip?GoogleAccessId=service-915470463064@gcf-admin-robot.iam.gserviceaccount.com&Expires=1655859499&Signature=Tj3YG%2F%2BmGiXkLPytWBMQDpN6C%2FLx57TY0APTdWjGK4XXONNwwW9%2FkG%2FWeKgma3RRyRJaNGAvawR1I4JWlDGvOfUpq4Z%2FA0YTS%2FqmtmxwkINw9ASubS8MX6o4EATA%2FddyFVEwur5Tgms7Y28X8qRAhQwg13Kc2oIiYrjr1jfiX5xwvRJBQ%2FQT83Cqc%2BBbBouvpM53OFCha0jXlPXXXdXIl1z0aeORFyR5C%2FtZK9xke8VC9PKLXs9vl641ych4unHM6sDg8V9ysOi3l%2BE17PAkFEwa1l191o70LXNzVItY8c%2B2i7diSPl7IaDMNm4PrkF7lvxHL6%2FkHVe71lC4qRXR1w%3D%3D","environmentVariables":{"FIREBASE_CONFIG":"{\"projectId\":\"test-fire-react-base\",\"storageBucket\":\"test-fire-react-base.appspot.com\",\"locationId\":\"us-central\"}","GCLOUD_PROJECT":"test-fire-react-base"},"runtime":"nodejs16","ingressSettings":"ALLOW_ALL","buildId":"f3ee717c-e90e-4f01-b8b7-c8f64c37a51b","buildName":"projects/915470463064/locations/us-central1/builds/f3ee717c-e90e-4f01-b8b7-c8f64c37a51b","dockerRegistry":"CONTAINER_REGISTRY"},"versionId":"27","updateTime":"2022-06-22T00:28:22Z","buildId":"41d27162-5545-4caa-b179-295182c98536","buildName":"projects/915470463064/locations/us-central1/builds/41d27162-5545-4caa-b179-295182c98536"}}
[debug] [2022-06-22T00:28:27.972Z] [update-default-us-central1-onMessageCreated] Retrying task index 0
[debug] [2022-06-22T00:28:27.972Z] >>> [apiv2][query] GET https://cloudfunctions.googleapis.com/v1/operations/dGVzdC1maXJlLXJlYWN0LWJhc2UvdXMtY2VudHJhbDEvb25NZXNzYWdlQ3JlYXRlZC9Gb01mM0FNNDJVZw [none]
[debug] [2022-06-22T00:28:28.154Z] <<< [apiv2][status] GET https://cloudfunctions.googleapis.com/v1/operations/dGVzdC1maXJlLXJlYWN0LWJhc2UvdXMtY2VudHJhbDEvb25NZXNzYWdlQ3JlYXRlZC9Gb01mM0FNNDJVZw 200
[debug] [2022-06-22T00:28:28.155Z] <<< [apiv2][body] GET https://cloudfunctions.googleapis.com/v1/operations/dGVzdC1maXJlLXJlYWN0LWJhc2UvdXMtY2VudHJhbDEvb25NZXNzYWdlQ3JlYXRlZC9Gb01mM0FNNDJVZw {"name":"operations/dGVzdC1maXJlLXJlYWN0LWJhc2UvdXMtY2VudHJhbDEvb25NZXNzYWdlQ3JlYXRlZC9Gb01mM0FNNDJVZw","metadata":{"@type":"type.googleapis.com/google.cloud.functions.v1.OperationMetadataV1","target":"projects/test-fire-react-base/locations/us-central1/functions/onMessageCreated","type":"UPDATE_FUNCTION","request":{"@type":"type.googleapis.com/google.cloud.functions.v1.CloudFunction","name":"projects/test-fire-react-base/locations/us-central1/functions/onMessageCreated","eventTrigger":{"eventType":"providers/cloud.firestore/eventTypes/document.create","resource":"projects/test-fire-react-base/databases/(default)/documents/messages/{messageId}","service":"firestore.googleapis.com"},"status":"ACTIVE","entryPoint":"onMessageCreated","timeout":"60s","availableMemoryMb":256,"serviceAccountEmail":"test-fire-react-base@appspot.gserviceaccount.com","updateTime":"2022-06-07T17:22:18.552Z","versionId":"26","labels":{"deployment-tool":"cli-firebase"},"sourceUploadUrl":"https://storage.googleapis.com/uploads-889011162045.us-central1.cloudfunctions.appspot.com/82d0051e-b613-498a-86c7-d8e4df12ba2d.zip?GoogleAccessId=service-915470463064@gcf-admin-robot.iam.gserviceaccount.com&Expires=1655859499&Signature=Tj3YG%2F%2BmGiXkLPytWBMQDpN6C%2FLx57TY0APTdWjGK4XXONNwwW9%2FkG%2FWeKgma3RRyRJaNGAvawR1I4JWlDGvOfUpq4Z%2FA0YTS%2FqmtmxwkINw9ASubS8MX6o4EATA%2FddyFVEwur5Tgms7Y28X8qRAhQwg13Kc2oIiYrjr1jfiX5xwvRJBQ%2FQT83Cqc%2BBbBouvpM53OFCha0jXlPXXXdXIl1z0aeORFyR5C%2FtZK9xke8VC9PKLXs9vl641ych4unHM6sDg8V9ysOi3l%2BE17PAkFEwa1l191o70LXNzVItY8c%2B2i7diSPl7IaDMNm4PrkF7lvxHL6%2FkHVe71lC4qRXR1w%3D%3D","environmentVariables":{"FIREBASE_CONFIG":"{\"projectId\":\"test-fire-react-base\",\"storageBucket\":\"test-fire-react-base.appspot.com\",\"locationId\":\"us-central\"}","GCLOUD_PROJECT":"test-fire-react-base"},"runtime":"nodejs16","ingressSettings":"ALLOW_ALL","buildId":"f3ee717c-e90e-4f01-b8b7-c8f64c37a51b","buildName":"projects/915470463064/locations/us-central1/builds/f3ee717c-e90e-4f01-b8b7-c8f64c37a51b","dockerRegistry":"CONTAINER_REGISTRY"},"versionId":"27","updateTime":"2022-06-22T00:28:22Z","buildId":"41d27162-5545-4caa-b179-295182c98536","buildName":"projects/915470463064/locations/us-central1/builds/41d27162-5545-4caa-b179-295182c98536"}}
[debug] [2022-06-22T00:28:32.160Z] [update-default-us-central1-onMessageCreated] Retrying task index 0
[debug] [2022-06-22T00:28:32.161Z] >>> [apiv2][query] GET https://cloudfunctions.googleapis.com/v1/operations/dGVzdC1maXJlLXJlYWN0LWJhc2UvdXMtY2VudHJhbDEvb25NZXNzYWdlQ3JlYXRlZC9Gb01mM0FNNDJVZw [none]
[debug] [2022-06-22T00:28:32.316Z] <<< [apiv2][status] GET https://cloudfunctions.googleapis.com/v1/operations/dGVzdC1maXJlLXJlYWN0LWJhc2UvdXMtY2VudHJhbDEvb25NZXNzYWdlQ3JlYXRlZC9Gb01mM0FNNDJVZw 200
[debug] [2022-06-22T00:28:32.316Z] <<< [apiv2][body] GET https://cloudfunctions.googleapis.com/v1/operations/dGVzdC1maXJlLXJlYWN0LWJhc2UvdXMtY2VudHJhbDEvb25NZXNzYWdlQ3JlYXRlZC9Gb01mM0FNNDJVZw {"name":"operations/dGVzdC1maXJlLXJlYWN0LWJhc2UvdXMtY2VudHJhbDEvb25NZXNzYWdlQ3JlYXRlZC9Gb01mM0FNNDJVZw","metadata":{"@type":"type.googleapis.com/google.cloud.functions.v1.OperationMetadataV1","target":"projects/test-fire-react-base/locations/us-central1/functions/onMessageCreated","type":"UPDATE_FUNCTION","request":{"@type":"type.googleapis.com/google.cloud.functions.v1.CloudFunction","name":"projects/test-fire-react-base/locations/us-central1/functions/onMessageCreated","eventTrigger":{"eventType":"providers/cloud.firestore/eventTypes/document.create","resource":"projects/test-fire-react-base/databases/(default)/documents/messages/{messageId}","service":"firestore.googleapis.com"},"status":"ACTIVE","entryPoint":"onMessageCreated","timeout":"60s","availableMemoryMb":256,"serviceAccountEmail":"test-fire-react-base@appspot.gserviceaccount.com","updateTime":"2022-06-07T17:22:18.552Z","versionId":"26","labels":{"deployment-tool":"cli-firebase"},"sourceUploadUrl":"https://storage.googleapis.com/uploads-889011162045.us-central1.cloudfunctions.appspot.com/82d0051e-b613-498a-86c7-d8e4df12ba2d.zip?GoogleAccessId=service-915470463064@gcf-admin-robot.iam.gserviceaccount.com&Expires=1655859499&Signature=Tj3YG%2F%2BmGiXkLPytWBMQDpN6C%2FLx57TY0APTdWjGK4XXONNwwW9%2FkG%2FWeKgma3RRyRJaNGAvawR1I4JWlDGvOfUpq4Z%2FA0YTS%2FqmtmxwkINw9ASubS8MX6o4EATA%2FddyFVEwur5Tgms7Y28X8qRAhQwg13Kc2oIiYrjr1jfiX5xwvRJBQ%2FQT83Cqc%2BBbBouvpM53OFCha0jXlPXXXdXIl1z0aeORFyR5C%2FtZK9xke8VC9PKLXs9vl641ych4unHM6sDg8V9ysOi3l%2BE17PAkFEwa1l191o70LXNzVItY8c%2B2i7diSPl7IaDMNm4PrkF7lvxHL6%2FkHVe71lC4qRXR1w%3D%3D","environmentVariables":{"FIREBASE_CONFIG":"{\"projectId\":\"test-fire-react-base\",\"storageBucket\":\"test-fire-react-base.appspot.com\",\"locationId\":\"us-central\"}","GCLOUD_PROJECT":"test-fire-react-base"},"runtime":"nodejs16","ingressSettings":"ALLOW_ALL","buildId":"f3ee717c-e90e-4f01-b8b7-c8f64c37a51b","buildName":"projects/915470463064/locations/us-central1/builds/f3ee717c-e90e-4f01-b8b7-c8f64c37a51b","dockerRegistry":"CONTAINER_REGISTRY"},"versionId":"27","updateTime":"2022-06-22T00:28:22Z","buildId":"41d27162-5545-4caa-b179-295182c98536","buildName":"projects/915470463064/locations/us-central1/builds/41d27162-5545-4caa-b179-295182c98536"}}
[debug] [2022-06-22T00:28:40.329Z] [update-default-us-central1-onMessageCreated] Retrying task index 0
[debug] [2022-06-22T00:28:40.329Z] >>> [apiv2][query] GET https://cloudfunctions.googleapis.com/v1/operations/dGVzdC1maXJlLXJlYWN0LWJhc2UvdXMtY2VudHJhbDEvb25NZXNzYWdlQ3JlYXRlZC9Gb01mM0FNNDJVZw [none]
[debug] [2022-06-22T00:28:40.505Z] <<< [apiv2][status] GET https://cloudfunctions.googleapis.com/v1/operations/dGVzdC1maXJlLXJlYWN0LWJhc2UvdXMtY2VudHJhbDEvb25NZXNzYWdlQ3JlYXRlZC9Gb01mM0FNNDJVZw 200
[debug] [2022-06-22T00:28:40.505Z] <<< [apiv2][body] GET https://cloudfunctions.googleapis.com/v1/operations/dGVzdC1maXJlLXJlYWN0LWJhc2UvdXMtY2VudHJhbDEvb25NZXNzYWdlQ3JlYXRlZC9Gb01mM0FNNDJVZw {"name":"operations/dGVzdC1maXJlLXJlYWN0LWJhc2UvdXMtY2VudHJhbDEvb25NZXNzYWdlQ3JlYXRlZC9Gb01mM0FNNDJVZw","metadata":{"@type":"type.googleapis.com/google.cloud.functions.v1.OperationMetadataV1","target":"projects/test-fire-react-base/locations/us-central1/functions/onMessageCreated","type":"UPDATE_FUNCTION","request":{"@type":"type.googleapis.com/google.cloud.functions.v1.CloudFunction","name":"projects/test-fire-react-base/locations/us-central1/functions/onMessageCreated","eventTrigger":{"eventType":"providers/cloud.firestore/eventTypes/document.create","resource":"projects/test-fire-react-base/databases/(default)/documents/messages/{messageId}","service":"firestore.googleapis.com"},"status":"ACTIVE","entryPoint":"onMessageCreated","timeout":"60s","availableMemoryMb":256,"serviceAccountEmail":"test-fire-react-base@appspot.gserviceaccount.com","updateTime":"2022-06-07T17:22:18.552Z","versionId":"26","labels":{"deployment-tool":"cli-firebase"},"sourceUploadUrl":"https://storage.googleapis.com/uploads-889011162045.us-central1.cloudfunctions.appspot.com/82d0051e-b613-498a-86c7-d8e4df12ba2d.zip?GoogleAccessId=service-915470463064@gcf-admin-robot.iam.gserviceaccount.com&Expires=1655859499&Signature=Tj3YG%2F%2BmGiXkLPytWBMQDpN6C%2FLx57TY0APTdWjGK4XXONNwwW9%2FkG%2FWeKgma3RRyRJaNGAvawR1I4JWlDGvOfUpq4Z%2FA0YTS%2FqmtmxwkINw9ASubS8MX6o4EATA%2FddyFVEwur5Tgms7Y28X8qRAhQwg13Kc2oIiYrjr1jfiX5xwvRJBQ%2FQT83Cqc%2BBbBouvpM53OFCha0jXlPXXXdXIl1z0aeORFyR5C%2FtZK9xke8VC9PKLXs9vl641ych4unHM6sDg8V9ysOi3l%2BE17PAkFEwa1l191o70LXNzVItY8c%2B2i7diSPl7IaDMNm4PrkF7lvxHL6%2FkHVe71lC4qRXR1w%3D%3D","environmentVariables":{"FIREBASE_CONFIG":"{\"projectId\":\"test-fire-react-base\",\"storageBucket\":\"test-fire-react-base.appspot.com\",\"locationId\":\"us-central\"}","GCLOUD_PROJECT":"test-fire-react-base"},"runtime":"nodejs16","ingressSettings":"ALLOW_ALL","buildId":"f3ee717c-e90e-4f01-b8b7-c8f64c37a51b","buildName":"projects/915470463064/locations/us-central1/builds/f3ee717c-e90e-4f01-b8b7-c8f64c37a51b","dockerRegistry":"CONTAINER_REGISTRY"},"versionId":"27","updateTime":"2022-06-22T00:28:22Z","buildId":"41d27162-5545-4caa-b179-295182c98536","buildName":"projects/915470463064/locations/us-central1/builds/41d27162-5545-4caa-b179-295182c98536"}}
